[Licensing::Module] Trying to connect to existing licensing client channel...
Built from '6000.3/staging' branch; Version is '6000.3.8f1 (1c7db571dde0) revision 1867189'; Using compiler version '194234433'; Build Type 'Release'
OS: 'Windows 11  (10.0.26200) Core' Language: 'es' Physical Memory: 16087 MB
[Licensing::IpcConnector] Successfully connected to: "LicenseClient-CABALLERO" at "2026-05-06T17:31:01.0951712Z"
BatchMode: 1, IsHumanControllingUs: 0, StartBugReporterOnCrash: 0, Is64bit: 1
System  architecture: x64
Process architecture: x64
Date: 2026-05-06T17:31:01Z

COMMAND LINE ARGUMENTS:
C:\Program Files\Unity\Hub\Editor\6000.3.8f1\Editor\Unity.exe
-batchmode
-quit
-projectPath
C:\Game\My project
-executeMethod
Scene00MainSetupTool.ApplyScene00Setup
-logFile
C:\Game\My project\Logs\scene_setup_shop_reset.log
Successfully changed project path to: C:\Game\My project
C:/Game/My project
Exiting without the bug reporter. Application will terminate with return code 1